0 info it worked if it ends with ok
1 verbose cli [ '/Users/remyyounes/.nvm/versions/node/v4.0.0/bin/node',
1 verbose cli   '/Users/remyyounes/.nvm/versions/node/v4.0.0/bin/npm',
1 verbose cli   'publish' ]
2 info using npm@2.14.2
3 info using node@v4.0.0
4 verbose publish [ '.' ]
5 silly cache add args [ '.', null ]
6 verbose cache add spec .
7 silly cache add parsed spec Result {
7 silly cache add   raw: '.',
7 silly cache add   scope: null,
7 silly cache add   name: null,
7 silly cache add   rawSpec: '.',
7 silly cache add   spec: '/Users/remyyounes/Applications/javascript/generator-wrench',
7 silly cache add   type: 'directory' }
8 verbose addLocalDirectory /Users/remyyounes/.npm/generator-wrench/0.1.0/package.tgz not in flight; packing
9 verbose tar pack [ '/Users/remyyounes/.npm/generator-wrench/0.1.0/package.tgz',
9 verbose tar pack   '/Users/remyyounes/Applications/javascript/generator-wrench' ]
10 verbose tarball /Users/remyyounes/.npm/generator-wrench/0.1.0/package.tgz
11 verbose folder /Users/remyyounes/Applications/javascript/generator-wrench
12 info prepublish generator-wrench@0.1.0
13 verbose addLocalTarball adding from inside cache /Users/remyyounes/.npm/generator-wrench/0.1.0/package.tgz
14 silly cache afterAdd generator-wrench@0.1.0
15 verbose afterAdd /Users/remyyounes/.npm/generator-wrench/0.1.0/package/package.json not in flight; writing
16 verbose afterAdd /Users/remyyounes/.npm/generator-wrench/0.1.0/package/package.json written
17 silly publish { name: 'generator-wrench',
17 silly publish   version: '0.1.0',
17 silly publish   description: 'test generator for wrench',
17 silly publish   files: [ 'app', 'demo' ],
17 silly publish   keywords: [ 'yeoman-generator' ],
17 silly publish   dependencies:
17 silly publish    { chalk: '^0.5.0',
17 silly publish      'yeoman-generator': '^0.20.3',
17 silly publish      yosay: '^0.3.0',
17 silly publish      'underscore.string': '^2.3.3' },
17 silly publish   main: 'app/index.js',
17 silly publish   devDependencies: {},
17 silly publish   scripts: { test: 'echo "Error: no test specified" && exit 1' },
17 silly publish   repository:
17 silly publish    { type: 'git',
17 silly publish      url: 'git+https://github.com/remyyounes/generator-wrench.git' },
17 silly publish   author: { name: 'remyyounes' },
17 silly publish   license: 'ISC',
17 silly publish   bugs: { url: 'https://github.com/remyyounes/generator-wrench/issues' },
17 silly publish   homepage: 'https://github.com/remyyounes/generator-wrench',
17 silly publish   gitHead: '5b88e0b7d18081201264369203e2f925dd8a2419',
17 silly publish   readme: 'ERROR: No README data found!',
17 silly publish   _id: 'generator-wrench@0.1.0',
17 silly publish   _shasum: 'c1e4d5e41b7cfffb1f2da1c7a0ea1f272d3d584a',
17 silly publish   _from: '.' }
18 verbose getPublishConfig undefined
19 silly mapToRegistry name generator-wrench
20 silly mapToRegistry using default registry
21 silly mapToRegistry registry https://registry.npmjs.org/
22 silly mapToRegistry uri https://registry.npmjs.org/generator-wrench
23 verbose publish registryBase https://registry.npmjs.org/
24 silly publish uploading /Users/remyyounes/.npm/generator-wrench/0.1.0/package.tgz
25 verbose request uri https://registry.npmjs.org/generator-wrench
26 verbose request sending authorization for write operation
27 info attempt registry request try #1 at 10:19:03 AM
28 verbose request using bearer token for auth
29 verbose request id 87fe23ab748de314
30 http request PUT https://registry.npmjs.org/generator-wrench
31 http 403 https://registry.npmjs.org/generator-wrench
32 verbose headers { 'content-type': 'application/json',
32 verbose headers   'cache-control': 'max-age=60',
32 verbose headers   'content-length': '128',
32 verbose headers   'accept-ranges': 'bytes',
32 verbose headers   date: 'Thu, 24 Sep 2015 17:19:03 GMT',
32 verbose headers   via: '1.1 varnish',
32 verbose headers   connection: 'keep-alive',
32 verbose headers   'x-served-by': 'cache-sjc3122-SJC',
32 verbose headers   'x-cache': 'MISS',
32 verbose headers   'x-cache-hits': '0',
32 verbose headers   'x-timer': 'S1443115143.420373,VS0,VE176' }
33 verbose request invalidating /Users/remyyounes/.npm/registry.npmjs.org/generator-wrench on PUT
34 error publish Failed PUT 403
35 verbose stack Error: "You cannot publish over the previously published version 0.1.0. Try bumping the version to 1.0.0" : generator-wrench
35 verbose stack     at makeError (/Users/remyyounes/.nvm/versions/node/v4.0.0/lib/node_modules/npm/node_modules/npm-registry-client/lib/request.js:263:12)
35 verbose stack     at CachingRegistryClient.<anonymous> (/Users/remyyounes/.nvm/versions/node/v4.0.0/lib/node_modules/npm/node_modules/npm-registry-client/lib/request.js:251:14)
35 verbose stack     at Request._callback (/Users/remyyounes/.nvm/versions/node/v4.0.0/lib/node_modules/npm/node_modules/npm-registry-client/lib/request.js:171:14)
35 verbose stack     at Request.self.callback (/Users/remyyounes/.nvm/versions/node/v4.0.0/lib/node_modules/npm/node_modules/request/request.js:198:22)
35 verbose stack     at emitTwo (events.js:87:13)
35 verbose stack     at Request.emit (events.js:172:7)
35 verbose stack     at Request.<anonymous> (/Users/remyyounes/.nvm/versions/node/v4.0.0/lib/node_modules/npm/node_modules/request/request.js:1073:14)
35 verbose stack     at emitOne (events.js:82:20)
35 verbose stack     at Request.emit (events.js:169:7)
35 verbose stack     at IncomingMessage.<anonymous> (/Users/remyyounes/.nvm/versions/node/v4.0.0/lib/node_modules/npm/node_modules/request/request.js:1019:12)
36 verbose statusCode 403
37 verbose pkgid generator-wrench
38 verbose cwd /Users/remyyounes/Applications/javascript/generator-wrench
39 error Darwin 14.5.0
40 error argv "/Users/remyyounes/.nvm/versions/node/v4.0.0/bin/node" "/Users/remyyounes/.nvm/versions/node/v4.0.0/bin/npm" "publish"
41 error node v4.0.0
42 error npm  v2.14.2
43 error code E403
44 error "You cannot publish over the previously published version 0.1.0. Try bumping the version to 1.0.0" : generator-wrench
45 error If you need help, you may report this error at:
45 error     <https://github.com/npm/npm/issues>
46 verbose exit [ 1, true ]
